(asctime)s - MainThread - SpawnProcess-25 - ERROR - chacalito
2024-06-14 05:43:53,989 - AnyIO worker thread - SpawnProcess-32 - ERROR - test
2024-06-14 06:19:38,542 - AnyIO worker thread - SpawnProcess-37 - ERROR - test
2024-06-14 14:52:10,815 - AnyIO worker thread - SpawnProcess-109 - ERROR - username_exist: Invalid token type. Token must be a <class 'bytes'>
2024-06-14 14:53:13,493 - AnyIO worker thread - SpawnProcess-110 - ERROR - username_exist: Invalid token type. Token must be a <class 'bytes'>
2024-06-14 14:53:40,351 - AnyIO worker thread - SpawnProcess-111 - ERROR - username_exist: Invalid token type. Token must be a <class 'bytes'>
2024-06-14 14:56:31,438 - AnyIO worker thread - SpawnProcess-112 - ERROR - username_exist: Invalid token type. Token must be a <class 'bytes'>
2024-06-14 14:57:03,420 - AnyIO worker thread - SpawnProcess-113 - ERROR - username_exist: Invalid token type. Token must be a <class 'bytes'>
2024-06-14 14:57:46,867 - AnyIO worker thread - SpawnProcess-113 - ERROR - username_exist: Signature verification failed
2024-06-14 14:58:25,755 - AnyIO worker thread - SpawnProcess-113 - ERROR - username_exist: Invalid token type. Token must be a <class 'bytes'>
2024-06-14 14:58:39,886 - AnyIO worker thread - SpawnProcess-113 - ERROR - username_exist: Invalid token type. Token must be a <class 'bytes'>
2024-06-14 14:58:46,052 - AnyIO worker thread - SpawnProcess-113 - ERROR - username_exist: Invalid token type. Token must be a <class 'bytes'>
2024-06-14 16:16:10,968 - AnyIO worker thread - SpawnProcess-148 - ERROR - username_exist: Invalid token type. Token must be a <class 'bytes'>
2024-06-14 16:16:27,412 - AnyIO worker thread - SpawnProcess-148 - ERROR - username_exist: Invalid token type. Token must be a <class 'bytes'>
2024-06-14 16:22:17,493 - AnyIO worker thread - SpawnProcess-150 - ERROR - username_exist: Invalid token type. Token must be a <class 'bytes'>
2024-06-14 17:08:14,554 - AnyIO worker thread - SpawnProcess-173 - ERROR - username_exist: Invalid token type. Token must be a <class 'bytes'>
2024-06-14 17:08:36,000 - AnyIO worker thread - SpawnProcess-173 - ERROR - username_exist: Invalid token type. Token must be a <class 'bytes'>
2024-06-14 17:08:42,343 - AnyIO worker thread - SpawnProcess-173 - ERROR - get movie: 'artists'
2024-06-14 17:09:52,562 - AnyIO worker thread - SpawnProcess-174 - ERROR - get movie: 'artists'
2024-06-14 17:10:57,123 - AnyIO worker thread - SpawnProcess-175 - ERROR - get movie: 'dict' object has no attribute 'id'
2024-06-14 17:12:02,254 - AnyIO worker thread - SpawnProcess-176 - ERROR - get_artist: 'role'
2024-06-14 17:12:02,254 - AnyIO worker thread - SpawnProcess-176 - ERROR - get movie details: 'cigars'
2024-06-14 17:13:39,389 - AnyIO worker thread - SpawnProcess-176 - ERROR - get_artist: 'role'
2024-06-14 17:13:39,389 - AnyIO worker thread - SpawnProcess-176 - ERROR - response_message: Object of type ObjectId is not JSON serializable
2024-06-14 17:16:15,920 - AnyIO worker thread - SpawnProcess-177 - ERROR - get_artist: 'role'
2024-06-14 17:17:55,152 - AnyIO worker thread - SpawnProcess-179 - ERROR - get_artist: 'role'
2024-06-14 17:20:04,485 - AnyIO worker thread - SpawnProcess-180 - ERROR - get_artist: 'role'
2024-06-14 17:21:44,896 - AnyIO worker thread - SpawnProcess-182 - ERROR - get_artist: 'role'
2024-06-14 17:22:14,836 - AnyIO worker thread - SpawnProcess-183 - ERROR - get_artist: 'role'
2024-06-14 17:22:43,477 - AnyIO worker thread - SpawnProcess-184 - ERROR - get_artist: 'role'
2024-06-14 17:23:45,168 - AnyIO worker thread - SpawnProcess-186 - ERROR - get_artist: 'role'
2024-06-14 17:24:55,518 - AnyIO worker thread - SpawnProcess-188 - ERROR - get_artist: 'role'
2024-06-14 17:26:02,642 - AnyIO worker thread - SpawnProcess-189 - ERROR - get_artist: 'role'
2024-06-14 17:27:04,991 - AnyIO worker thread - SpawnProcess-191 - ERROR - get_artist: 'role'2024-06-14 20:24:41,498 - AnyIO worker thread - SpawnProcess-6 - ERROR - create movie: 'artist'
2024-06-14 20:24:50,036 - AnyIO worker thread - SpawnProcess-6 - ERROR - create movie: 'artist'
2024-06-14 20:26:10,934 - AnyIO worker thread - SpawnProcess-7 - ERROR - create movie: 'artist'
2024-06-14 20:26:45,363 - AnyIO worker thread - SpawnProcess-8 - ERROR - create movie: 'artist'
2024-06-14 20:27:21,855 - AnyIO worker thread - SpawnProcess-9 - ERROR - create movie: 'artist'
2024-06-14 20:27:59,633 - AnyIO worker thread - SpawnProcess-10 - ERROR - create movie: 'SchemaArtistMovie' object is not subscriptable
2024-06-14 20:28:36,436 - AnyIO worker thread - SpawnProcess-11 - ERROR - create movie: 'SchemaArtistMovie' object is not subscriptable
2024-06-14 20:28:59,531 - AnyIO worker thread - SpawnProcess-12 - ERROR - create movie: 'SchemaArtistMovie' object is not subscriptable
2024-06-14 20:29:12,456 - AnyIO worker thread - SpawnProcess-13 - ERROR - create movie: 'SchemaArtistMovie' object is not subscriptable
2024-06-14 22:12:32,434 - AnyIO worker thread - SpawnProcess-59 - ERROR - username_exist: Invalid token type. Token must be a <class 'bytes'>
2024-06-14 22:12:56,287 - AnyIO worker thread - SpawnProcess-59 - ERROR - username_exist: Not enough segments
2024-06-14 22:13:33,936 - AnyIO worker thread - SpawnProcess-59 - ERROR - update movie cigars: cannot access local variable 'new_reviews' where it is not associated with a value
2024-06-14 22:14:16,374 - AnyIO worker thread - SpawnProcess-59 - ERROR - update movie cigars: cannot access local variable 'new_reviews' where it is not associated with a value
2024-06-14 22:16:14,791 - AnyIO worker thread - SpawnProcess-60 - ERROR - update movie cigars: cannot access local variable 'new_reviews' where it is not associated with a value
2024-06-14 22:19:11,592 - AnyIO worker thread - SpawnProcess-62 - ERROR - update movie cigars: cannot access local variable 'new_reviews' where it is not associated with a value
2024-06-14 22:20:44,456 - AnyIO worker thread - SpawnProcess-64 - ERROR - update movie cigars: cannot access local variable 'new_reviews' where it is not associated with a value
2024-06-14 22:33:15,830 - AnyIO worker thread - SpawnProcess-66 - ERROR - update movie cigars: cannot access local variable 'new_reviews' where it is not associated with a value
2024-06-14 22:37:43,709 - AnyIO worker thread - SpawnProcess-66 - ERROR - update movie cigars: cannot access local variable 'new_reviews' where it is not associated with a value
2024-06-14 22:52:00,302 - AnyIO worker thread - SpawnProcess-66 - ERROR - update movie cigars: cannot access local variable 'new_reviews' where it is not associated with a value
2024-06-14 22:58:39,779 - AnyIO worker thread - SpawnProcess-66 - ERROR - genre_exist: 'Romantic' is not a valid ObjectId, it must be a 12-byte input or a 24-character hex string
2024-06-14 22:58:51,728 - AnyIO worker thread - SpawnProcess-66 - ERROR - genre_exist: 'Sports' is not a valid ObjectId, it must be a 12-byte input or a 24-character hex string
